<?xml version="1.0" encoding="UTF-8"?>
<testsuite xmlns:xsi="http://www.w3.org/2001/XMLSchema-instance" xsi:noNamespaceSchemaLocation="https://maven.apache.org/surefire/maven-surefire-plugin/xsd/surefire-test-report.xsd" name="cn.pxl.AccountEmailServiceTest" time="0.016" tests="1" errors="1" skipped="0" failures="0">
  <properties>
[...]
</properties>
  <testcase name="testSendEmail" classname="cn.pxl.AccountEmailServiceTest" time="0.016">
    <error message="Could not start mail server smtp:127.0.0.1:25, try to set server startup timeout &gt; 2000 via ServerSetup.setServerStartupTimeout(timeoutInMs) or -Dgreenmail.startup.timeout" type="java.lang.IllegalStateException">java.lang.IllegalStateException: Could not start mail server smtp:127.0.0.1:25, try to set server startup timeout > 2000 via ServerSetup.setServerStartupTimeout(timeoutInMs) or -Dgreenmail.startup.timeout
	at cn.pxl.AccountEmailServiceTest.startMailServer(AccountEmailServiceTest.java:23)
</error>
    <system-err><![CDATA[SLF4J: Failed to load class "org.slf4j.impl.StaticLoggerBinder".
SLF4J: Defaulting to no-operation (NOP) logger implementation
SLF4J: See http://www.slf4j.org/codes.html#StaticLoggerBinder for further details.
Exception in thread "smtp:127.0.0.1:25" java.lang.IllegalStateException: Can not open server socket for smtp:127.0.0.1:25
	at com.icegreen.greenmail.server.AbstractServer.initServerSocket(AbstractServer.java:123)
	at com.icegreen.greenmail.server.AbstractServer.run(AbstractServer.java:94)
Caused by: java.net.BindException: Permission denied (Bind failed)
	at java.net.PlainSocketImpl.socketBind(Native Method)
	at java.net.AbstractPlainSocketImpl.bind(AbstractPlainSocketImpl.java:387)
	at java.net.ServerSocket.bind(ServerSocket.java:395)
	at java.net.ServerSocket.bind(ServerSocket.java:349)
	at com.icegreen.greenmail.server.AbstractServer.openServerSocket(AbstractServer.java:74)
	at com.icegreen.greenmail.server.AbstractServer.initServerSocket(AbstractServer.java:118)
	... 1 more
]]></system-err>
  </testcase>
</testsuite>